2015-06-16 21:54:46 [::1][1][-][error][yii\web\HttpException:403] exception 'yii\web\ForbiddenHttpException' with message 'You are not allowed to perform this action.' in F:\wamp\www\julio-application\vendor\yiisoft\yii2\filters\AccessControl.php:151
Stack trace:
#0 F:\wamp\www\julio-application\vendor\yiisoft\yii2\filters\AccessControl.php(134): yii\filters\AccessControl->denyAccess(Object(yii\web\User))
#1 F:\wamp\www\julio-application\vendor\yiisoft\yii2\base\ActionFilter.php(71): yii\filters\AccessControl->beforeAction(Object(yii\base\InlineAction))
#2 [internal function]: yii\base\ActionFilter->beforeFilter(Object(yii\base\ActionEvent))
#3 F:\wamp\www\julio-application\vendor\yiisoft\yii2\base\Component.php(541): call_user_func(Array, Object(yii\base\ActionEvent))
#4 F:\wamp\www\julio-application\vendor\yiisoft\yii2\base\Controller.php(263): yii\base\Component->trigger('beforeAction', Object(yii\base\ActionEvent))
#5 F:\wamp\www\julio-application\vendor\yiisoft\yii2\web\Controller.php(108): yii\base\Controller->beforeAction(Object(yii\base\InlineAction))
#6 F:\wamp\www\julio-application\vendor\yiisoft\yii2\base\Controller.php(149): yii\web\Controller->beforeAction(Object(yii\base\InlineAction))
#7 F:\wamp\www\julio-application\vendor\yiisoft\yii2\base\Module.php(455): yii\base\Controller->runAction('signup', Array)
#8 F:\wamp\www\julio-application\vendor\yiisoft\yii2\web\Application.php(84): yii\base\Module->runAction('site/signup', Array)
#9 F:\wamp\www\julio-application\vendor\yiisoft\yii2\base\Application.php(375): yii\web\Application->handleRequest(Object(yii\web\Request))
#10 F:\wamp\www\julio-application\frontend\web\index.php(18): yii\base\Application->run()
#11 {main}
2015-06-16 21:54:46 [::1][1][-][info][application] $_GET = [
    'r' => 'site/signup'
]

$_POST = [
    '_csrf' => 'aHdiT1VHM1ERP1cdJSxyAzweOzkMKgI.LT4GezgqfyMyPhAKOA1iAA=='
    'SignupForm' => [
        'username' => 'sapd23'
        'email' => 'sapd@gmail.com'
        'password' => 'reonda'
    ]
    'signup-button' => ''
]

$_COOKIE = [
    'ctxjs1420m06d05' => '7b2273756363657373223a302c226c6f675f616374697665223a317d'
    '_ttuu_s' => '1434411880409'
    'tt_nprf' => '24'
    'ckwqy38obn' => 'MX'
    '894h35bnklpsq' => 'MX'
    '83bnmklsae328y' => '34598'
    '789345ybnf984' => '10742'
    'uyru345hr9lks1151' => '12494278363883491434410875'
    'PHPSESSID' => 'b3e9snkjvgaomcrfgf4mk4mil4'
    '_csrf' => 'a6d12473e20d90f9decf042888cb837acefe8d358dfeb19f0e174951e09e85a8a:2:{i:0;s:5:\"_csrf\";i:1;s:32:\"yH5RpkARTiYvYm1oEId4mmLrZIrEmJQQ\";}'
]

$_SESSION = [
    '__flash' => []
    '__returnUrl' => '/julio-application/backend/web/index.php'
    '__id' => 1
]

$_SERVER = [
    'HTTP_HOST' => 'localhost'
    'HTTP_CONNECTION' => 'keep-alive'
    'CONTENT_LENGTH' => '199'
    'HTTP_CACHE_CONTROL' => 'max-age=0'
    'HTTP_ACCEPT' => 'text/html,application/xhtml+xml,application/xml;q=0.9,image/webp,*/*;q=0.8'
    'HTTP_ORIGIN' => 'http://localhost'
    'HTTP_USER_AGENT' => 'Mozilla/5.0 (Windows NT 6.3; WOW64) AppleWebKit/537.36 (KHTML, like Gecko) Chrome/43.0.2357.124 Safari/537.36'
    'CONTENT_TYPE' => 'application/x-www-form-urlencoded'
    'HTTP_REFERER' => 'http://localhost/julio-application/frontend/web/index.php?r=site%2Fsignup'
    'HTTP_ACCEPT_ENCODING' => 'gzip, deflate'
    'HTTP_ACCEPT_LANGUAGE' => 'es-ES,es;q=0.8'
    'HTTP_COOKIE' => 'ctxjs1420m06d05=7b2273756363657373223a302c226c6f675f616374697665223a317d; _ttuu.s=1434411880409; tt.nprf=24; ckwqy38obn=MX; 894h35bnklpsq=MX; 83bnmklsae328y=34598; 789345ybnf984=10742; uyru345hr9lks1151=12494278363883491434410875; PHPSESSID=b3e9snkjvgaomcrfgf4mk4mil4; _csrf=a6d12473e20d90f9decf042888cb837acefe8d358dfeb19f0e174951e09e85a8a%3A2%3A%7Bi%3A0%3Bs%3A5%3A%22_csrf%22%3Bi%3A1%3Bs%3A32%3A%22yH5RpkARTiYvYm1oEId4mmLrZIrEmJQQ%22%3B%7D'
    'PATH' => 'C:\\ProgramData\\Oracle\\Java\\javapath;C:\\Windows\\system32;C:\\Windows;C:\\Windows\\System32\\Wbem;C:\\Windows\\System32\\WindowsPowerShell\\v1.0\\;C:\\Program Files\\Intel\\WiFi\\bin\\;C:\\Program Files\\Common Files\\Intel\\WirelessCommon\\;C:\\Program Files (x86)\\NVIDIA Corporation\\PhysX\\Common;C:\\Program Files (x86)\\MySQL\\MySQL Fabric 1.5.4 & MySQL Utilities 1.5.4 1.5\\;C:\\Program Files (x86)\\MySQL\\MySQL Fabric 1.5.4 & MySQL Utilities 1.5.4 1.5\\Doctrine extensions for PHP\\;F:\\wamp\\bin\\php\\php5.5.12;C:\\ProgramData\\ComposerSetup\\bin;'
    'SystemRoot' => 'C:\\Windows'
    'COMSPEC' => 'C:\\Windows\\system32\\cmd.exe'
    'PATHEXT' => '.COM;.EXE;.BAT;.CMD;.VBS;.VBE;.JS;.JSE;.WSF;.WSH;.MSC'
    'WINDIR' => 'C:\\Windows'
    'SERVER_SIGNATURE' => '<address>Apache/2.4.9 (Win64) PHP/5.5.12 Server at localhost Port 80</address>
'
    'SERVER_SOFTWARE' => 'Apache/2.4.9 (Win64) PHP/5.5.12'
    'SERVER_NAME' => 'localhost'
    'SERVER_ADDR' => '::1'
    'SERVER_PORT' => '80'
    'REMOTE_ADDR' => '::1'
    'DOCUMENT_ROOT' => 'F:/wamp/www/'
    'REQUEST_SCHEME' => 'http'
    'CONTEXT_PREFIX' => ''
    'CONTEXT_DOCUMENT_ROOT' => 'F:/wamp/www/'
    'SERVER_ADMIN' => 'admin@example.com'
    'SCRIPT_FILENAME' => 'F:/wamp/www/julio-application/frontend/web/index.php'
    'REMOTE_PORT' => '50664'
    'GATEWAY_INTERFACE' => 'CGI/1.1'
    'SERVER_PROTOCOL' => 'HTTP/1.1'
    'REQUEST_METHOD' => 'POST'
    'QUERY_STRING' => 'r=site%2Fsignup'
    'REQUEST_URI' => '/julio-application/frontend/web/index.php?r=site%2Fsignup'
    'SCRIPT_NAME' => '/julio-application/frontend/web/index.php'
    'PHP_SELF' => '/julio-application/frontend/web/index.php'
    'REQUEST_TIME_FLOAT' => 1434484486.254
    'REQUEST_TIME' => 1434484486
]
2015-06-16 22:33:12 [::1][-][-][error][yii\base\ErrorException:8] exception 'yii\base\ErrorException' with message 'Undefined index: baseUrl' in F:\wamp\www\julio-application\frontend\views\layouts\main.php:26
Stack trace:
#0 F:\wamp\www\julio-application\vendor\yiisoft\yii2\base\View.php(247): yii\base\View->renderPhpFile()
#1 F:\wamp\www\julio-application\vendor\yiisoft\yii2\base\Controller.php(386): yii\base\View->renderFile()
#2 F:\wamp\www\julio-application\vendor\yiisoft\yii2\base\Controller.php(372): yii\base\Controller->renderContent()
#3 F:\wamp\www\julio-application\frontend\controllers\SiteController.php(70): yii\base\Controller->render()
#4 F:\wamp\www\julio-application\vendor\yiisoft\yii2\base\InlineAction.php(55): frontend\controllers\SiteController->actionIndex()
#5 F:\wamp\www\julio-application\vendor\yiisoft\yii2\base\InlineAction.php(55): ::call_user_func_array:{F:\wamp\www\julio-application\vendor\yiisoft\yii2\base\InlineAction.php:55}()
#6 F:\wamp\www\julio-application\vendor\yiisoft\yii2\base\Controller.php(151): yii\base\InlineAction->runWithParams()
#7 F:\wamp\www\julio-application\vendor\yiisoft\yii2\base\Module.php(455): yii\base\Controller->runAction()
#8 F:\wamp\www\julio-application\vendor\yiisoft\yii2\web\Application.php(84): yii\base\Module->runAction()
#9 F:\wamp\www\julio-application\vendor\yiisoft\yii2\base\Application.php(375): yii\web\Application->handleRequest()
#10 F:\wamp\www\julio-application\frontend\web\index.php(18): yii\base\Application->run()
#11 {main}
2015-06-16 22:33:12 [::1][-][-][info][application] $_COOKIE = [
    'ctxjs1420m06d05' => '7b2273756363657373223a302c226c6f675f616374697665223a317d'
    '_ttuu_s' => '1434411880409'
    'tt_nprf' => '24'
    'ckwqy38obn' => 'MX'
    '894h35bnklpsq' => 'MX'
    '83bnmklsae328y' => '34598'
    '789345ybnf984' => '10742'
    'uyru345hr9lks1151' => '12494278363883491434410875'
    'PHPSESSID' => 'bqtt311jcjrj9diabe4i62ido5'
    '_csrf' => '2d6b1cfe3d08446f7785b15dc7aee287c8f8df81eee3f90fdaf99c064760aa11a:2:{i:0;s:5:\"_csrf\";i:1;s:32:\"Dv4mITB4D1cjgtKCFmm31hUOeQiINoTp\";}'
]

$_SERVER = [
    'HTTP_HOST' => 'localhost'
    'HTTP_CONNECTION' => 'keep-alive'
    'HTTP_CACHE_CONTROL' => 'max-age=0'
    'HTTP_ACCEPT' => 'text/html,application/xhtml+xml,application/xml;q=0.9,image/webp,*/*;q=0.8'
    'HTTP_USER_AGENT' => 'Mozilla/5.0 (Windows NT 6.3; WOW64) AppleWebKit/537.36 (KHTML, like Gecko) Chrome/43.0.2357.124 Safari/537.36'
    'HTTP_ACCEPT_ENCODING' => 'gzip, deflate, sdch'
    'HTTP_ACCEPT_LANGUAGE' => 'es-ES,es;q=0.8'
    'HTTP_COOKIE' => 'ctxjs1420m06d05=7b2273756363657373223a302c226c6f675f616374697665223a317d; _ttuu.s=1434411880409; tt.nprf=24; ckwqy38obn=MX; 894h35bnklpsq=MX; 83bnmklsae328y=34598; 789345ybnf984=10742; uyru345hr9lks1151=12494278363883491434410875; PHPSESSID=bqtt311jcjrj9diabe4i62ido5; _csrf=2d6b1cfe3d08446f7785b15dc7aee287c8f8df81eee3f90fdaf99c064760aa11a%3A2%3A%7Bi%3A0%3Bs%3A5%3A%22_csrf%22%3Bi%3A1%3Bs%3A32%3A%22Dv4mITB4D1cjgtKCFmm31hUOeQiINoTp%22%3B%7D'
    'PATH' => 'C:\\ProgramData\\Oracle\\Java\\javapath;C:\\Windows\\system32;C:\\Windows;C:\\Windows\\System32\\Wbem;C:\\Windows\\System32\\WindowsPowerShell\\v1.0\\;C:\\Program Files\\Intel\\WiFi\\bin\\;C:\\Program Files\\Common Files\\Intel\\WirelessCommon\\;C:\\Program Files (x86)\\NVIDIA Corporation\\PhysX\\Common;C:\\Program Files (x86)\\MySQL\\MySQL Fabric 1.5.4 & MySQL Utilities 1.5.4 1.5\\;C:\\Program Files (x86)\\MySQL\\MySQL Fabric 1.5.4 & MySQL Utilities 1.5.4 1.5\\Doctrine extensions for PHP\\;F:\\wamp\\bin\\php\\php5.5.12;C:\\ProgramData\\ComposerSetup\\bin;'
    'SystemRoot' => 'C:\\Windows'
    'COMSPEC' => 'C:\\Windows\\system32\\cmd.exe'
    'PATHEXT' => '.COM;.EXE;.BAT;.CMD;.VBS;.VBE;.JS;.JSE;.WSF;.WSH;.MSC'
    'WINDIR' => 'C:\\Windows'
    'SERVER_SIGNATURE' => '<address>Apache/2.4.9 (Win64) PHP/5.5.12 Server at localhost Port 80</address>
'
    'SERVER_SOFTWARE' => 'Apache/2.4.9 (Win64) PHP/5.5.12'
    'SERVER_NAME' => 'localhost'
    'SERVER_ADDR' => '::1'
    'SERVER_PORT' => '80'
    'REMOTE_ADDR' => '::1'
    'DOCUMENT_ROOT' => 'F:/wamp/www/'
    'REQUEST_SCHEME' => 'http'
    'CONTEXT_PREFIX' => ''
    'CONTEXT_DOCUMENT_ROOT' => 'F:/wamp/www/'
    'SERVER_ADMIN' => 'admin@example.com'
    'SCRIPT_FILENAME' => 'F:/wamp/www/julio-application/frontend/web/index.php'
    'REMOTE_PORT' => '50906'
    'GATEWAY_INTERFACE' => 'CGI/1.1'
    'SERVER_PROTOCOL' => 'HTTP/1.1'
    'REQUEST_METHOD' => 'GET'
    'QUERY_STRING' => ''
    'REQUEST_URI' => '/julio-application/frontend/web/index.php'
    'SCRIPT_NAME' => '/julio-application/frontend/web/index.php'
    'PHP_SELF' => '/julio-application/frontend/web/index.php'
    'REQUEST_TIME_FLOAT' => 1434486792.889
    'REQUEST_TIME' => 1434486792
]
